

Started GET "/assets/rails.png" for 127.0.0.1 at 2012-12-24 11:54:34 +0800
Connecting to database specified by database.yml
Served asset /rails.png - 304 Not Modified (21ms)


Started GET "/home" for 127.0.0.1 at 2012-12-24 13:39:14 +0800

ActionController::RoutingError (No route matches [GET] "/home"):
  actionpack (3.2.9) lib/action_dispatch/middleware/debug_exceptions.rb:21:in `call'
  actionpack (3.2.9) lib/action_dispatch/middleware/show_exceptions.rb:56:in `call'
  railties (3.2.9) lib/rails/rack/logger.rb:32:in `call_app'
  railties (3.2.9) lib/rails/rack/logger.rb:16:in `block in call'
  activesupport (3.2.9) lib/active_support/tagged_logging.rb:22:in `tagged'
  railties (3.2.9) lib/rails/rack/logger.rb:16:in `call'
  actionpack (3.2.9) lib/action_dispatch/middleware/request_id.rb:22:in `call'
  rack (1.4.1) lib/rack/methodoverride.rb:21:in `call'
  rack (1.4.1) lib/rack/runtime.rb:17:in `call'
  activesupport (3.2.9) lib/active_support/cache/strategy/local_cache.rb:72:in `call'
  rack (1.4.1) lib/rack/lock.rb:15:in `call'
  actionpack (3.2.9) lib/action_dispatch/middleware/static.rb:62:in `call'
  railties (3.2.9) lib/rails/engine.rb:479:in `call'
  railties (3.2.9) lib/rails/application.rb:223:in `call'
  rack (1.4.1) lib/rack/content_length.rb:14:in `call'
  railties (3.2.9) lib/rails/rack/log_tailer.rb:17:in `call'
  rack (1.4.1) lib/rack/handler/webrick.rb:59:in `service'
  /home/programmer/.rvm/rubies/ruby-1.9.3-p286/lib/ruby/1.9.1/webrick/httpserver.rb:138:in `service'
  /home/programmer/.rvm/rubies/ruby-1.9.3-p286/lib/ruby/1.9.1/webrick/httpserver.rb:94:in `run'
  /home/programmer/.rvm/rubies/ruby-1.9.3-p286/lib/ruby/1.9.1/webrick/server.rb:191:in `block in start_thread'


  Rendered /home/programmer/.rvm/gems/ruby-1.9.3-p286/gems/actionpack-3.2.9/lib/action_dispatch/middleware/templates/rescues/routing_error.erb within rescues/layout (9.0ms)


Started GET "/home.html" for 127.0.0.1 at 2012-12-24 13:39:58 +0800

ActionController::RoutingError (No route matches [GET] "/home.html"):
  actionpack (3.2.9) lib/action_dispatch/middleware/debug_exceptions.rb:21:in `call'
  actionpack (3.2.9) lib/action_dispatch/middleware/show_exceptions.rb:56:in `call'
  railties (3.2.9) lib/rails/rack/logger.rb:32:in `call_app'
  railties (3.2.9) lib/rails/rack/logger.rb:16:in `block in call'
  activesupport (3.2.9) lib/active_support/tagged_logging.rb:22:in `tagged'
  railties (3.2.9) lib/rails/rack/logger.rb:16:in `call'
  actionpack (3.2.9) lib/action_dispatch/middleware/request_id.rb:22:in `call'
  rack (1.4.1) lib/rack/methodoverride.rb:21:in `call'
  rack (1.4.1) lib/rack/runtime.rb:17:in `call'
  activesupport (3.2.9) lib/active_support/cache/strategy/local_cache.rb:72:in `call'
  rack (1.4.1) lib/rack/lock.rb:15:in `call'
  actionpack (3.2.9) lib/action_dispatch/middleware/static.rb:62:in `call'
  railties (3.2.9) lib/rails/engine.rb:479:in `call'
  railties (3.2.9) lib/rails/application.rb:223:in `call'
  rack (1.4.1) lib/rack/content_length.rb:14:in `call'
  railties (3.2.9) lib/rails/rack/log_tailer.rb:17:in `call'
  rack (1.4.1) lib/rack/handler/webrick.rb:59:in `service'
  /home/programmer/.rvm/rubies/ruby-1.9.3-p286/lib/ruby/1.9.1/webrick/httpserver.rb:138:in `service'
  /home/programmer/.rvm/rubies/ruby-1.9.3-p286/lib/ruby/1.9.1/webrick/httpserver.rb:94:in `run'
  /home/programmer/.rvm/rubies/ruby-1.9.3-p286/lib/ruby/1.9.1/webrick/server.rb:191:in `block in start_thread'


  Rendered /home/programmer/.rvm/gems/ruby-1.9.3-p286/gems/actionpack-3.2.9/lib/action_dispatch/middleware/templates/rescues/routing_error.erb within rescues/layout (1.4ms)


Started GET "/static_pages/home" for 127.0.0.1 at 2012-12-24 13:45:26 +0800
Processing by StaticPagesController#home as HTML
  Rendered static_pages/home.html.erb within layouts/application (0.8ms)
Compiled static_pages.css  (14ms)  (pid 13844)
Compiled application.css  (31ms)  (pid 13844)
Compiled jquery.js  (4ms)  (pid 13844)
Compiled jquery_ujs.js  (0ms)  (pid 13844)
Compiled static_pages.js  (268ms)  (pid 13844)
Compiled application.js  (362ms)  (pid 13844)
Completed 200 OK in 573ms (Views: 572.4ms | ActiveRecord: 0.0ms)


Started GET "/assets/application.css?body=1" for 127.0.0.1 at 2012-12-24 13:45:27 +0800
Served asset /application.css - 304 Not Modified (33ms)


Started GET "/assets/static_pages.css?body=1" for 127.0.0.1 at 2012-12-24 13:45:27 +0800
Served asset /static_pages.css - 200 OK (4ms)


Started GET "/assets/jquery.js?body=1" for 127.0.0.1 at 2012-12-24 13:45:27 +0800
Served asset /jquery.js - 200 OK (12ms)


Started GET "/assets/static_pages.js?body=1" for 127.0.0.1 at 2012-12-24 13:45:27 +0800
Served asset /static_pages.js - 200 OK (3ms)


Started GET "/assets/application.js?body=1" for 127.0.0.1 at 2012-12-24 13:45:27 +0800
Served asset /application.js - 304 Not Modified (26ms)


Started GET "/assets/jquery_ujs.js?body=1" for 127.0.0.1 at 2012-12-24 13:45:27 +0800
Served asset /jquery_ujs.js - 200 OK (4ms)
Connecting to database specified by database.yml


Started GET "/static_pages/about" for 127.0.0.1 at 2012-12-24 14:21:46 +0800
Processing by StaticPagesController#about as HTML
  Rendered static_pages/about.html.erb within layouts/application (0.8ms)
Completed 200 OK in 14ms (Views: 13.1ms | ActiveRecord: 0.0ms)


Started GET "/assets/application.css?body=1" for 127.0.0.1 at 2012-12-24 14:21:46 +0800
Served asset /application.css - 304 Not Modified (6ms)


Started GET "/assets/static_pages.css?body=1" for 127.0.0.1 at 2012-12-24 14:21:46 +0800
Served asset /static_pages.css - 304 Not Modified (0ms)


Started GET "/assets/jquery.js?body=1" for 127.0.0.1 at 2012-12-24 14:21:46 +0800
Served asset /jquery.js - 304 Not Modified (4ms)


Started GET "/assets/jquery_ujs.js?body=1" for 127.0.0.1 at 2012-12-24 14:21:46 +0800
Served asset /jquery_ujs.js - 304 Not Modified (0ms)


Started GET "/assets/application.js?body=1" for 127.0.0.1 at 2012-12-24 14:21:46 +0800
Served asset /application.js - 304 Not Modified (6ms)


Started GET "/assets/static_pages.js?body=1" for 127.0.0.1 at 2012-12-24 14:21:46 +0800
Served asset /static_pages.js - 304 Not Modified (0ms)


Started GET "/assets/rails.png" for 127.0.0.1 at 2012-12-24 14:32:58 +0800
Served asset /rails.png - 304 Not Modified (0ms)


Started GET "/users" for 127.0.0.1 at 2012-12-24 14:33:05 +0800

ActionController::RoutingError (No route matches [GET] "/users"):
  actionpack (3.2.9) lib/action_dispatch/middleware/debug_exceptions.rb:21:in `call'
  actionpack (3.2.9) lib/action_dispatch/middleware/show_exceptions.rb:56:in `call'
  railties (3.2.9) lib/rails/rack/logger.rb:32:in `call_app'
  railties (3.2.9) lib/rails/rack/logger.rb:16:in `block in call'
  activesupport (3.2.9) lib/active_support/tagged_logging.rb:22:in `tagged'
  railties (3.2.9) lib/rails/rack/logger.rb:16:in `call'
  actionpack (3.2.9) lib/action_dispatch/middleware/request_id.rb:22:in `call'
  rack (1.4.1) lib/rack/methodoverride.rb:21:in `call'
  rack (1.4.1) lib/rack/runtime.rb:17:in `call'
  activesupport (3.2.9) lib/active_support/cache/strategy/local_cache.rb:72:in `call'
  rack (1.4.1) lib/rack/lock.rb:15:in `call'
  actionpack (3.2.9) lib/action_dispatch/middleware/static.rb:62:in `call'
  railties (3.2.9) lib/rails/engine.rb:479:in `call'
  railties (3.2.9) lib/rails/application.rb:223:in `call'
  rack (1.4.1) lib/rack/content_length.rb:14:in `call'
  railties (3.2.9) lib/rails/rack/log_tailer.rb:17:in `call'
  rack (1.4.1) lib/rack/handler/webrick.rb:59:in `service'
  /home/programmer/.rvm/rubies/ruby-1.9.3-p286/lib/ruby/1.9.1/webrick/httpserver.rb:138:in `service'
  /home/programmer/.rvm/rubies/ruby-1.9.3-p286/lib/ruby/1.9.1/webrick/httpserver.rb:94:in `run'
  /home/programmer/.rvm/rubies/ruby-1.9.3-p286/lib/ruby/1.9.1/webrick/server.rb:191:in `block in start_thread'


  Rendered /home/programmer/.rvm/gems/ruby-1.9.3-p286/gems/actionpack-3.2.9/lib/action_dispatch/middleware/templates/rescues/routing_error.erb within rescues/layout (1.4ms)


Started GET "/static_pages/home" for 127.0.0.1 at 2012-12-24 14:42:11 +0800
Processing by StaticPagesController#home as HTML
  Rendered static_pages/home.html.erb (0.7ms)
Completed 200 OK in 6ms (Views: 4.9ms | ActiveRecord: 0.0ms)


Started GET "/static_pages/contact" for 127.0.0.1 at 2012-12-24 15:29:11 +0800
Processing by StaticPagesController#contact as HTML
  Rendered static_pages/contact.html.erb within layouts/application (0.9ms)
Completed 200 OK in 14ms (Views: 13.3ms | ActiveRecord: 0.0ms)


Started GET "/assets/application.css?body=1" for 127.0.0.1 at 2012-12-24 15:29:11 +0800
Served asset /application.css - 304 Not Modified (6ms)


Started GET "/assets/jquery_ujs.js?body=1" for 127.0.0.1 at 2012-12-24 15:29:11 +0800
Served asset /jquery_ujs.js - 304 Not Modified (0ms)


Started GET "/assets/static_pages.css?body=1" for 127.0.0.1 at 2012-12-24 15:29:11 +0800
Served asset /static_pages.css - 304 Not Modified (0ms)


Started GET "/assets/static_pages.js?body=1" for 127.0.0.1 at 2012-12-24 15:29:11 +0800
Served asset /static_pages.js - 304 Not Modified (0ms)


Started GET "/assets/jquery.js?body=1" for 127.0.0.1 at 2012-12-24 15:29:11 +0800
Served asset /jquery.js - 304 Not Modified (1ms)


Started GET "/assets/application.js?body=1" for 127.0.0.1 at 2012-12-24 15:29:11 +0800
Served asset /application.js - 304 Not Modified (2ms)


Started GET "/static_pages/" for 127.0.0.1 at 2013-01-04 10:49:19 +0800
Connecting to database specified by database.yml

ActionController::RoutingError (No route matches [GET] "/static_pages"):
  actionpack (3.2.9) lib/action_dispatch/middleware/debug_exceptions.rb:21:in `call'
  actionpack (3.2.9) lib/action_dispatch/middleware/show_exceptions.rb:56:in `call'
  railties (3.2.9) lib/rails/rack/logger.rb:32:in `call_app'
  railties (3.2.9) lib/rails/rack/logger.rb:16:in `block in call'
  activesupport (3.2.9) lib/active_support/tagged_logging.rb:22:in `tagged'
  railties (3.2.9) lib/rails/rack/logger.rb:16:in `call'
  actionpack (3.2.9) lib/action_dispatch/middleware/request_id.rb:22:in `call'
  rack (1.4.1) lib/rack/methodoverride.rb:21:in `call'
  rack (1.4.1) lib/rack/runtime.rb:17:in `call'
  activesupport (3.2.9) lib/active_support/cache/strategy/local_cache.rb:72:in `call'
  rack (1.4.1) lib/rack/lock.rb:15:in `call'
  actionpack (3.2.9) lib/action_dispatch/middleware/static.rb:62:in `call'
  railties (3.2.9) lib/rails/engine.rb:479:in `call'
  railties (3.2.9) lib/rails/application.rb:223:in `call'
  rack (1.4.1) lib/rack/content_length.rb:14:in `call'
  railties (3.2.9) lib/rails/rack/log_tailer.rb:17:in `call'
  rack (1.4.1) lib/rack/handler/webrick.rb:59:in `service'
  /home/programmer/.rvm/rubies/ruby-1.9.3-p286/lib/ruby/1.9.1/webrick/httpserver.rb:138:in `service'
  /home/programmer/.rvm/rubies/ruby-1.9.3-p286/lib/ruby/1.9.1/webrick/httpserver.rb:94:in `run'
  /home/programmer/.rvm/rubies/ruby-1.9.3-p286/lib/ruby/1.9.1/webrick/server.rb:191:in `block in start_thread'


  Rendered /home/programmer/.rvm/gems/ruby-1.9.3-p286/gems/actionpack-3.2.9/lib/action_dispatch/middleware/templates/rescues/routing_error.erb within rescues/layout (5.7ms)


Started GET "/static_pages/home" for 127.0.0.1 at 2013-01-04 10:49:26 +0800
Processing by StaticPagesController#home as HTML
  Rendered static_pages/home.html.erb within layouts/application (0.7ms)
Completed 200 OK in 213ms (Views: 211.6ms | ActiveRecord: 0.0ms)


Started GET "/assets/application.css?body=1" for 127.0.0.1 at 2013-01-04 10:49:26 +0800
Served asset /application.css - 304 Not Modified (31ms)


Started GET "/assets/static_pages.css?body=1" for 127.0.0.1 at 2013-01-04 10:49:26 +0800
Served asset /static_pages.css - 304 Not Modified (7ms)


Started GET "/assets/jquery.js?body=1" for 127.0.0.1 at 2013-01-04 10:49:26 +0800
Served asset /jquery.js - 200 OK (57ms)


Started GET "/assets/jquery_ujs.js?body=1" for 127.0.0.1 at 2013-01-04 10:49:26 +0800
Served asset /jquery_ujs.js - 200 OK (5ms)


Started GET "/assets/application.js?body=1" for 127.0.0.1 at 2013-01-04 10:49:26 +0800
Served asset /application.js - 304 Not Modified (12ms)


Started GET "/assets/static_pages.js?body=1" for 127.0.0.1 at 2013-01-04 10:49:26 +0800
Served asset /static_pages.js - 304 Not Modified (3ms)


Started GET "/static_pages/contact" for 127.0.0.1 at 2013-01-04 10:49:30 +0800
Processing by StaticPagesController#contact as HTML
  Rendered static_pages/contact.html.erb within layouts/application (1.0ms)
Completed 200 OK in 17ms (Views: 14.7ms | ActiveRecord: 0.0ms)


Started GET "/assets/static_pages.js?body=1" for 127.0.0.1 at 2013-01-04 10:49:30 +0800
Served asset /static_pages.js - 304 Not Modified (5ms)


Started GET "/assets/application.js?body=1" for 127.0.0.1 at 2013-01-04 10:49:30 +0800
Served asset /application.js - 304 Not Modified (4ms)


Started GET "/assets/static_pages.css?body=1" for 127.0.0.1 at 2013-01-04 10:49:30 +0800
Served asset /static_pages.css - 304 Not Modified (0ms)


Started GET "/assets/application.css?body=1" for 127.0.0.1 at 2013-01-04 10:49:30 +0800
Served asset /application.css - 304 Not Modified (1ms)


Started GET "/static_pages/home" for 127.0.0.1 at 2013-01-04 11:00:04 +0800
Processing by StaticPagesController#home as HTML
  Rendered static_pages/home.html.erb within layouts/application (2.0ms)
Completed 200 OK in 18ms (Views: 17.1ms | ActiveRecord: 0.0ms)


Started GET "/assets/application.css?body=1" for 127.0.0.1 at 2013-01-04 11:00:04 +0800
Served asset /application.css - 304 Not Modified (1ms)


Started GET "/assets/static_pages.css?body=1" for 127.0.0.1 at 2013-01-04 11:00:04 +0800
Served asset /static_pages.css - 304 Not Modified (0ms)


Started GET "/assets/jquery.js?body=1" for 127.0.0.1 at 2013-01-04 11:00:04 +0800
Served asset /jquery.js - 304 Not Modified (5ms)


Started GET "/assets/jquery_ujs.js?body=1" for 127.0.0.1 at 2013-01-04 11:00:04 +0800
Served asset /jquery_ujs.js - 304 Not Modified (1ms)


Started GET "/assets/static_pages.js?body=1" for 127.0.0.1 at 2013-01-04 11:00:04 +0800
Served asset /static_pages.js - 304 Not Modified (0ms)


Started GET "/assets/application.js?body=1" for 127.0.0.1 at 2013-01-04 11:00:04 +0800
Served asset /application.js - 304 Not Modified (2ms)


Started GET "/assets/rails.png" for 127.0.0.1 at 2013-01-04 11:00:05 +0800
Served asset /rails.png - 304 Not Modified (3ms)


Started GET "/static_pages/" for 127.0.0.1 at 2013-01-04 11:00:44 +0800

ActionController::RoutingError (No route matches [GET] "/static_pages"):
  actionpack (3.2.9) lib/action_dispatch/middleware/debug_exceptions.rb:21:in `call'
  actionpack (3.2.9) lib/action_dispatch/middleware/show_exceptions.rb:56:in `call'
  railties (3.2.9) lib/rails/rack/logger.rb:32:in `call_app'
  railties (3.2.9) lib/rails/rack/logger.rb:16:in `block in call'
  activesupport (3.2.9) lib/active_support/tagged_logging.rb:22:in `tagged'
  railties (3.2.9) lib/rails/rack/logger.rb:16:in `call'
  actionpack (3.2.9) lib/action_dispatch/middleware/request_id.rb:22:in `call'
  rack (1.4.1) lib/rack/methodoverride.rb:21:in `call'
  rack (1.4.1) lib/rack/runtime.rb:17:in `call'
  activesupport (3.2.9) lib/active_support/cache/strategy/local_cache.rb:72:in `call'
  rack (1.4.1) lib/rack/lock.rb:15:in `call'
  actionpack (3.2.9) lib/action_dispatch/middleware/static.rb:62:in `call'
  railties (3.2.9) lib/rails/engine.rb:479:in `call'
  railties (3.2.9) lib/rails/application.rb:223:in `call'
  rack (1.4.1) lib/rack/content_length.rb:14:in `call'
  railties (3.2.9) lib/rails/rack/log_tailer.rb:17:in `call'
  rack (1.4.1) lib/rack/handler/webrick.rb:59:in `service'
  /home/programmer/.rvm/rubies/ruby-1.9.3-p286/lib/ruby/1.9.1/webrick/httpserver.rb:138:in `service'
  /home/programmer/.rvm/rubies/ruby-1.9.3-p286/lib/ruby/1.9.1/webrick/httpserver.rb:94:in `run'
  /home/programmer/.rvm/rubies/ruby-1.9.3-p286/lib/ruby/1.9.1/webrick/server.rb:191:in `block in start_thread'


  Rendered /home/programmer/.rvm/gems/ruby-1.9.3-p286/gems/actionpack-3.2.9/lib/action_dispatch/middleware/templates/rescues/routing_error.erb within rescues/layout (1.5ms)


Started GET "/assets/rails.png" for 127.0.0.1 at 2013-01-04 11:00:48 +0800
Served asset /rails.png - 304 Not Modified (0ms)


Started GET "/static_pages/home" for 127.0.0.1 at 2013-01-04 11:07:45 +0800
Connecting to database specified by database.yml
Processing by StaticPagesController#home as HTML
  Rendered static_pages/home.html.erb within layouts/application (6.3ms)
Compiled custom.css  (5628ms)  (pid 6184)
Compiled application.css  (5716ms)  (pid 6184)
Completed 200 OK in 5945ms (Views: 5943.5ms | ActiveRecord: 0.0ms)


Started GET "/assets/application.css?body=1" for 127.0.0.1 at 2013-01-04 11:07:53 +0800
Served asset /application.css - 304 Not Modified (53ms)


Started GET "/assets/static_pages.css?body=1" for 127.0.0.1 at 2013-01-04 11:07:53 +0800
Served asset /static_pages.css - 304 Not Modified (63ms)


Started GET "/assets/custom.css?body=1" for 127.0.0.1 at 2013-01-04 11:07:53 +0800
Served asset /custom.css - 200 OK (28ms)


Started GET "/assets/jquery.js?body=1" for 127.0.0.1 at 2013-01-04 11:07:53 +0800
Served asset /jquery.js - 304 Not Modified (9ms)


Started GET "/assets/static_pages.js?body=1" for 127.0.0.1 at 2013-01-04 11:07:53 +0800
Served asset /static_pages.js - 304 Not Modified (3ms)


Started GET "/assets/jquery_ujs.js?body=1" for 127.0.0.1 at 2013-01-04 11:07:53 +0800
Served asset /jquery_ujs.js - 304 Not Modified (8ms)


Started GET "/assets/application.js?body=1" for 127.0.0.1 at 2013-01-04 11:07:53 +0800
Served asset /application.js - 304 Not Modified (12ms)


Started GET "/assets/static_pages.js?body=1" for 127.0.0.1 at 2013-01-04 11:07:53 +0800
Served asset /static_pages.js - 304 Not Modified (0ms)


Started GET "/assets/application.js?body=1" for 127.0.0.1 at 2013-01-04 11:07:53 +0800
Served asset /application.js - 304 Not Modified (2ms)


Started GET "/assets/rails.png" for 127.0.0.1 at 2013-01-04 11:07:53 +0800
Served asset /rails.png - 304 Not Modified (2ms)


Started GET "/static_pages/home" for 127.0.0.1 at 2013-01-04 11:10:17 +0800
Processing by StaticPagesController#home as HTML
  Rendered static_pages/home.html.erb within layouts/application (0.7ms)
Compiled custom.css  (2517ms)  (pid 6184)
Compiled application.css  (4ms)  (pid 6184)
Completed 200 OK in 2769ms (Views: 2768.5ms | ActiveRecord: 0.0ms)


Started GET "/assets/application.css?body=1" for 127.0.0.1 at 2013-01-04 11:10:20 +0800
Served asset /application.css - 304 Not Modified (60ms)


Started GET "/assets/jquery.js?body=1" for 127.0.0.1 at 2013-01-04 11:10:20 +0800
Served asset /jquery.js - 304 Not Modified (1ms)


Started GET "/assets/static_pages.js?body=1" for 127.0.0.1 at 2013-01-04 11:10:20 +0800
Served asset /static_pages.js - 304 Not Modified (0ms)


Started GET "/assets/jquery_ujs.js?body=1" for 127.0.0.1 at 2013-01-04 11:10:20 +0800
Served asset /jquery_ujs.js - 304 Not Modified (0ms)


Started GET "/assets/static_pages.css?body=1" for 127.0.0.1 at 2013-01-04 11:10:20 +0800
Served asset /static_pages.css - 304 Not Modified (0ms)


Started GET "/assets/custom.css?body=1" for 127.0.0.1 at 2013-01-04 11:10:20 +0800
Served asset /custom.css - 200 OK (77ms)


Started GET "/assets/application.js?body=1" for 127.0.0.1 at 2013-01-04 11:10:20 +0800
Served asset /application.js - 304 Not Modified (2ms)


Started GET "/assets/rails.png" for 127.0.0.1 at 2013-01-04 11:10:20 +0800
Served asset /rails.png - 304 Not Modified (0ms)


Started GET "/static_pages/home" for 127.0.0.1 at 2013-01-04 11:12:17 +0800
Processing by StaticPagesController#home as HTML
  Rendered static_pages/home.html.erb within layouts/application (0.6ms)
Compiled custom.css  (2486ms)  (pid 6184)
Compiled application.css  (3ms)  (pid 6184)
Completed 200 OK in 2679ms (Views: 2678.2ms | ActiveRecord: 0.0ms)


Started GET "/assets/application.css?body=1" for 127.0.0.1 at 2013-01-04 11:12:20 +0800
Served asset /application.css - 304 Not Modified (73ms)


Started GET "/assets/custom.css?body=1" for 127.0.0.1 at 2013-01-04 11:12:20 +0800
Served asset /custom.css - 200 OK (85ms)


Started GET "/assets/static_pages.css?body=1" for 127.0.0.1 at 2013-01-04 11:12:20 +0800
Served asset /static_pages.css - 304 Not Modified (0ms)


Started GET "/assets/jquery.js?body=1" for 127.0.0.1 at 2013-01-04 11:12:20 +0800
Served asset /jquery.js - 304 Not Modified (1ms)


Started GET "/assets/static_pages.js?body=1" for 127.0.0.1 at 2013-01-04 11:12:20 +0800
Served asset /static_pages.js - 304 Not Modified (0ms)


Started GET "/assets/jquery_ujs.js?body=1" for 127.0.0.1 at 2013-01-04 11:12:20 +0800
Served asset /jquery_ujs.js - 304 Not Modified (0ms)


Started GET "/assets/application.js?body=1" for 127.0.0.1 at 2013-01-04 11:12:21 +0800
Served asset /application.js - 304 Not Modified (2ms)


Started GET "/assets/rails.png" for 127.0.0.1 at 2013-01-04 11:12:21 +0800
Served asset /rails.png - 304 Not Modified (0ms)


Started GET "/static_pages/home" for 127.0.0.1 at 2013-01-04 11:12:42 +0800
Processing by StaticPagesController#home as HTML
  Rendered static_pages/home.html.erb within layouts/application (0.6ms)
Compiled custom.css  (2485ms)  (pid 6184)
Compiled application.css  (3ms)  (pid 6184)
Completed 200 OK in 2673ms (Views: 2673.1ms | ActiveRecord: 0.0ms)


Started GET "/assets/application.css?body=1" for 127.0.0.1 at 2013-01-04 11:12:45 +0800
Served asset /application.css - 304 Not Modified (65ms)


Started GET "/assets/custom.css?body=1" for 127.0.0.1 at 2013-01-04 11:12:45 +0800
Served asset /custom.css - 200 OK (84ms)


Started GET "/assets/static_pages.css?body=1" for 127.0.0.1 at 2013-01-04 11:12:45 +0800
Served asset /static_pages.css - 304 Not Modified (0ms)


Started GET "/assets/jquery.js?body=1" for 127.0.0.1 at 2013-01-04 11:12:45 +0800
Served asset /jquery.js - 304 Not Modified (1ms)


Started GET "/assets/jquery_ujs.js?body=1" for 127.0.0.1 at 2013-01-04 11:12:45 +0800
Served asset /jquery_ujs.js - 304 Not Modified (0ms)


Started GET "/assets/static_pages.js?body=1" for 127.0.0.1 at 2013-01-04 11:12:45 +0800
Served asset /static_pages.js - 304 Not Modified (1ms)


Started GET "/assets/application.js?body=1" for 127.0.0.1 at 2013-01-04 11:12:45 +0800
Served asset /application.js - 304 Not Modified (2ms)


Started GET "/assets/rails.png" for 127.0.0.1 at 2013-01-04 11:12:45 +0800
Served asset /rails.png - 304 Not Modified (0ms)


Started GET "/static_pages/home" for 127.0.0.1 at 2013-01-04 11:12:56 +0800
Processing by StaticPagesController#home as HTML
  Rendered static_pages/home.html.erb within layouts/application (0.5ms)
Compiled custom.css  (2559ms)  (pid 6184)
Compiled application.css  (3ms)  (pid 6184)
Completed 200 OK in 2772ms (Views: 2771.5ms | ActiveRecord: 0.0ms)


Started GET "/assets/application.css?body=1" for 127.0.0.1 at 2013-01-04 11:12:59 +0800
Served asset /application.css - 304 Not Modified (104ms)


Started GET "/assets/static_pages.css?body=1" for 127.0.0.1 at 2013-01-04 11:12:59 +0800
Served asset /static_pages.css - 304 Not Modified (0ms)


Started GET "/assets/jquery.js?body=1" for 127.0.0.1 at 2013-01-04 11:12:59 +0800
Served asset /jquery.js - 304 Not Modified (0ms)


Started GET "/assets/jquery_ujs.js?body=1" for 127.0.0.1 at 2013-01-04 11:12:59 +0800
Served asset /jquery_ujs.js - 304 Not Modified (0ms)


Started GET "/assets/custom.css?body=1" for 127.0.0.1 at 2013-01-04 11:12:59 +0800
Served asset /custom.css - 200 OK (145ms)


Started GET "/assets/static_pages.js?body=1" for 127.0.0.1 at 2013-01-04 11:13:00 +0800
Served asset /static_pages.js - 304 Not Modified (0ms)


Started GET "/assets/application.js?body=1" for 127.0.0.1 at 2013-01-04 11:13:00 +0800
Served asset /application.js - 304 Not Modified (3ms)


Started GET "/assets/rails.png" for 127.0.0.1 at 2013-01-04 11:13:00 +0800
Served asset /rails.png - 304 Not Modified (0ms)


Started GET "/static_pages/home" for 127.0.0.1 at 2013-01-04 11:14:36 +0800
Processing by StaticPagesController#home as HTML
  Rendered static_pages/home.html.erb within layouts/application (0.5ms)
Compiled custom.css  (2436ms)  (pid 6184)
Compiled application.css  (3ms)  (pid 6184)
Completed 200 OK in 2657ms (Views: 2656.9ms | ActiveRecord: 0.0ms)


Started GET "/assets/application.css?body=1" for 127.0.0.1 at 2013-01-04 11:14:39 +0800
Served asset /application.css - 304 Not Modified (65ms)


Started GET "/assets/static_pages.css?body=1" for 127.0.0.1 at 2013-01-04 11:14:39 +0800
Served asset /static_pages.css - 304 Not Modified (0ms)


Started GET "/assets/custom.css?body=1" for 127.0.0.1 at 2013-01-04 11:14:39 +0800
Served asset /custom.css - 200 OK (88ms)


Started GET "/assets/jquery_ujs.js?body=1" for 127.0.0.1 at 2013-01-04 11:14:39 +0800
Served asset /jquery_ujs.js - 304 Not Modified (0ms)


Started GET "/assets/jquery.js?body=1" for 127.0.0.1 at 2013-01-04 11:14:39 +0800
Served asset /jquery.js - 304 Not Modified (1ms)


Started GET "/assets/static_pages.js?body=1" for 127.0.0.1 at 2013-01-04 11:14:39 +0800
Served asset /static_pages.js - 304 Not Modified (0ms)


Started GET "/assets/application.js?body=1" for 127.0.0.1 at 2013-01-04 11:14:39 +0800
Served asset /application.js - 304 Not Modified (6ms)


Started GET "/assets/rails.png" for 127.0.0.1 at 2013-01-04 11:14:39 +0800
Served asset /rails.png - 304 Not Modified (0ms)


Started GET "/static_pages/home" for 127.0.0.1 at 2013-01-04 11:24:21 +0800
Processing by StaticPagesController#home as HTML
  Rendered static_pages/home.html.erb within layouts/application (0.6ms)
  Rendered layouts/_shim.html.erb (0.8ms)
  Rendered layouts/_header.html.erb (0.7ms)
Completed 200 OK in 148ms (Views: 148.1ms | ActiveRecord: 0.0ms)


Started GET "/assets/application.css?body=1" for 127.0.0.1 at 2013-01-04 11:24:22 +0800
Served asset /application.css - 304 Not Modified (43ms)


Started GET "/assets/custom.css?body=1" for 127.0.0.1 at 2013-01-04 11:24:22 +0800
Served asset /custom.css - 304 Not Modified (13ms)


Started GET "/assets/static_pages.css?body=1" for 127.0.0.1 at 2013-01-04 11:24:22 +0800
Served asset /static_pages.css - 304 Not Modified (0ms)


Started GET "/assets/jquery.js?body=1" for 127.0.0.1 at 2013-01-04 11:24:22 +0800
Served asset /jquery.js - 304 Not Modified (1ms)


Started GET "/assets/static_pages.js?body=1" for 127.0.0.1 at 2013-01-04 11:24:22 +0800
Served asset /static_pages.js - 304 Not Modified (0ms)


Started GET "/assets/jquery_ujs.js?body=1" for 127.0.0.1 at 2013-01-04 11:24:22 +0800
Served asset /jquery_ujs.js - 304 Not Modified (0ms)


Started GET "/assets/application.js?body=1" for 127.0.0.1 at 2013-01-04 11:24:22 +0800
Served asset /application.js - 304 Not Modified (2ms)


Started GET "/assets/rails.png" for 127.0.0.1 at 2013-01-04 11:24:22 +0800
Served asset /rails.png - 304 Not Modified (0ms)


Started GET "/static_pages/home" for 127.0.0.1 at 2013-01-04 11:24:30 +0800
Processing by StaticPagesController#home as HTML
  Rendered static_pages/home.html.erb within layouts/application (0.7ms)
  Rendered layouts/_shim.html.erb (0.1ms)
  Rendered layouts/_header.html.erb (0.0ms)
Completed 200 OK in 30ms (Views: 29.3ms | ActiveRecord: 0.0ms)


Started GET "/assets/application.css?body=1" for 127.0.0.1 at 2013-01-04 11:24:31 +0800
Served asset /application.css - 304 Not Modified (22ms)


Started GET "/assets/custom.css?body=1" for 127.0.0.1 at 2013-01-04 11:24:31 +0800
Served asset /custom.css - 304 Not Modified (73ms)


Started GET "/assets/jquery_ujs.js?body=1" for 127.0.0.1 at 2013-01-04 11:24:31 +0800
Served asset /jquery_ujs.js - 304 Not Modified (0ms)


Started GET "/assets/static_pages.css?body=1" for 127.0.0.1 at 2013-01-04 11:24:31 +0800
Served asset /static_pages.css - 304 Not Modified (1ms)


Started GET "/assets/jquery.js?body=1" for 127.0.0.1 at 2013-01-04 11:24:31 +0800
Served asset /jquery.js - 304 Not Modified (1ms)


Started GET "/assets/static_pages.js?body=1" for 127.0.0.1 at 2013-01-04 11:24:31 +0800
Served asset /static_pages.js - 304 Not Modified (0ms)


Started GET "/assets/application.js?body=1" for 127.0.0.1 at 2013-01-04 11:24:31 +0800
Served asset /application.js - 304 Not Modified (2ms)


Started GET "/assets/rails.png" for 127.0.0.1 at 2013-01-04 11:24:31 +0800
Served asset /rails.png - 304 Not Modified (0ms)


Started GET "/static_pages/home" for 127.0.0.1 at 2013-01-04 11:24:52 +0800
Processing by StaticPagesController#home as HTML
  Rendered static_pages/home.html.erb within layouts/application (0.7ms)
  Rendered layouts/_shim.html.erb (0.1ms)
  Rendered layouts/_header.html.erb (1.5ms)
Completed 200 OK in 32ms (Views: 31.8ms | ActiveRecord: 0.0ms)


Started GET "/assets/custom.css?body=1" for 127.0.0.1 at 2013-01-04 11:24:52 +0800
Served asset /custom.css - 304 Not Modified (9ms)


Started GET "/assets/jquery.js?body=1" for 127.0.0.1 at 2013-01-04 11:24:52 +0800
Served asset /jquery.js - 304 Not Modified (1ms)


Started GET "/assets/jquery_ujs.js?body=1" for 127.0.0.1 at 2013-01-04 11:24:52 +0800
Served asset /jquery_ujs.js - 304 Not Modified (0ms)


Started GET "/assets/application.css?body=1" for 127.0.0.1 at 2013-01-04 11:24:52 +0800
Served asset /application.css - 304 Not Modified (11ms)


Started GET "/assets/static_pages.js?body=1" for 127.0.0.1 at 2013-01-04 11:24:52 +0800
Served asset /static_pages.js - 304 Not Modified (0ms)


Started GET "/assets/static_pages.css?body=1" for 127.0.0.1 at 2013-01-04 11:24:52 +0800
Served asset /static_pages.css - 304 Not Modified (0ms)


Started GET "/assets/application.js?body=1" for 127.0.0.1 at 2013-01-04 11:24:52 +0800
Served asset /application.js - 304 Not Modified (2ms)


Started GET "/assets/jquery_ujs.js?body=1" for 127.0.0.1 at 2013-01-04 11:24:52 +0800
Served asset /jquery_ujs.js - 304 Not Modified (0ms)


Started GET "/assets/static_pages.js?body=1" for 127.0.0.1 at 2013-01-04 11:24:52 +0800
Served asset /static_pages.js - 304 Not Modified (0ms)


Started GET "/assets/rails.png" for 127.0.0.1 at 2013-01-04 11:24:52 +0800
Served asset /rails.png - 304 Not Modified (0ms)


Started GET "/static_pages/home" for 127.0.0.1 at 2013-01-04 11:27:24 +0800
Connecting to database specified by database.yml
Processing by StaticPagesController#home as HTML
  Rendered static_pages/home.html.erb within layouts/application (6.1ms)
  Rendered layouts/_shim.html.erb (0.8ms)
  Rendered layouts/_header.html.erb (1.4ms)
  Rendered layouts/_footer.html.erb (1.0ms)
Completed 200 OK in 202ms (Views: 201.5ms | ActiveRecord: 0.0ms)


Started GET "/assets/application.css?body=1" for 127.0.0.1 at 2013-01-04 11:27:25 +0800
Served asset /application.css - 304 Not Modified (109ms)


Started GET "/assets/custom.css?body=1" for 127.0.0.1 at 2013-01-04 11:27:26 +0800
Served asset /custom.css - 304 Not Modified (24ms)


Started GET "/assets/jquery.js?body=1" for 127.0.0.1 at 2013-01-04 11:27:26 +0800
Served asset /jquery.js - 304 Not Modified (6ms)


Started GET "/assets/jquery_ujs.js?body=1" for 127.0.0.1 at 2013-01-04 11:27:26 +0800
Served asset /jquery_ujs.js - 304 Not Modified (8ms)


Started GET "/assets/static_pages.js?body=1" for 127.0.0.1 at 2013-01-04 11:27:26 +0800
Served asset /static_pages.js - 304 Not Modified (3ms)


Started GET "/assets/static_pages.css?body=1" for 127.0.0.1 at 2013-01-04 11:27:26 +0800
Served asset /static_pages.css - 304 Not Modified (4ms)


Started GET "/assets/application.js?body=1" for 127.0.0.1 at 2013-01-04 11:27:26 +0800
Served asset /application.js - 304 Not Modified (13ms)


Started GET "/assets/rails.png" for 127.0.0.1 at 2013-01-04 11:27:26 +0800
Served asset /rails.png - 304 Not Modified (2ms)


Started GET "/" for 127.0.0.1 at 2013-01-04 14:45:53 +0800
Connecting to database specified by database.yml
Processing by StaticPagesController#home as HTML
  Rendered static_pages/home.html.erb within layouts/application (47.4ms)
  Rendered layouts/_shim.html.erb (0.7ms)
  Rendered layouts/_header.html.erb (1.3ms)
  Rendered layouts/_footer.html.erb (1.0ms)
Completed 200 OK in 293ms (Views: 292.2ms | ActiveRecord: 0.0ms)


Started GET "/assets/application.css?body=1" for 127.0.0.1 at 2013-01-04 14:45:55 +0800
Served asset /application.css - 304 Not Modified (89ms)


Started GET "/assets/custom.css?body=1" for 127.0.0.1 at 2013-01-04 14:45:55 +0800
Served asset /custom.css - 304 Not Modified (37ms)


Started GET "/assets/static_pages.css?body=1" for 127.0.0.1 at 2013-01-04 14:45:55 +0800
Served asset /static_pages.css - 304 Not Modified (4ms)


Started GET "/assets/jquery.js?body=1" for 127.0.0.1 at 2013-01-04 14:45:55 +0800
Served asset /jquery.js - 304 Not Modified (6ms)


Started GET "/assets/jquery_ujs.js?body=1" for 127.0.0.1 at 2013-01-04 14:45:55 +0800
Served asset /jquery_ujs.js - 304 Not Modified (4ms)


Started GET "/assets/static_pages.js?body=1" for 127.0.0.1 at 2013-01-04 14:45:55 +0800
Served asset /static_pages.js - 304 Not Modified (6ms)


Started GET "/assets/application.js?body=1" for 127.0.0.1 at 2013-01-04 14:45:55 +0800
Served asset /application.js - 304 Not Modified (21ms)


Started GET "/assets/rails.png" for 127.0.0.1 at 2013-01-04 14:45:55 +0800
Served asset /rails.png - 304 Not Modified (22ms)


Started GET "/" for 127.0.0.1 at 2013-01-04 14:47:53 +0800
Processing by StaticPagesController#home as HTML
  Rendered static_pages/home.html.erb within layouts/application (0.7ms)
  Rendered layouts/_shim.html.erb (0.1ms)
  Rendered layouts/_header.html.erb (1.4ms)
  Rendered layouts/_footer.html.erb (1.2ms)
Completed 200 OK in 96ms (Views: 95.0ms | ActiveRecord: 0.0ms)


Started GET "/assets/application.css?body=1" for 127.0.0.1 at 2013-01-04 14:47:53 +0800
Served asset /application.css - 304 Not Modified (34ms)


Started GET "/assets/jquery.js?body=1" for 127.0.0.1 at 2013-01-04 14:47:53 +0800
Served asset /jquery.js - 304 Not Modified (1ms)


Started GET "/assets/custom.css?body=1" for 127.0.0.1 at 2013-01-04 14:47:53 +0800
Served asset /custom.css - 304 Not Modified (18ms)


Started GET "/assets/static_pages.css?body=1" for 127.0.0.1 at 2013-01-04 14:47:53 +0800
Served asset /static_pages.css - 304 Not Modified (0ms)


Started GET "/assets/jquery_ujs.js?body=1" for 127.0.0.1 at 2013-01-04 14:47:53 +0800
Served asset /jquery_ujs.js - 304 Not Modified (0ms)


Started GET "/assets/static_pages.js?body=1" for 127.0.0.1 at 2013-01-04 14:47:53 +0800
Served asset /static_pages.js - 304 Not Modified (0ms)


Started GET "/assets/application.js?body=1" for 127.0.0.1 at 2013-01-04 14:47:53 +0800
Served asset /application.js - 304 Not Modified (2ms)


Started GET "/assets/rails.png" for 127.0.0.1 at 2013-01-04 14:47:53 +0800
Served asset /rails.png - 304 Not Modified (0ms)


Started GET "/root_path" for 127.0.0.1 at 2013-01-04 14:47:56 +0800

ActionController::RoutingError (No route matches [GET] "/root_path"):
  actionpack (3.2.9) lib/action_dispatch/middleware/debug_exceptions.rb:21:in `call'
  actionpack (3.2.9) lib/action_dispatch/middleware/show_exceptions.rb:56:in `call'
  railties (3.2.9) lib/rails/rack/logger.rb:32:in `call_app'
  railties (3.2.9) lib/rails/rack/logger.rb:16:in `block in call'
  activesupport (3.2.9) lib/active_support/tagged_logging.rb:22:in `tagged'
  railties (3.2.9) lib/rails/rack/logger.rb:16:in `call'
  actionpack (3.2.9) lib/action_dispatch/middleware/request_id.rb:22:in `call'
  rack (1.4.1) lib/rack/methodoverride.rb:21:in `call'
  rack (1.4.1) lib/rack/runtime.rb:17:in `call'
  activesupport (3.2.9) lib/active_support/cache/strategy/local_cache.rb:72:in `call'
  rack (1.4.1) lib/rack/lock.rb:15:in `call'
  actionpack (3.2.9) lib/action_dispatch/middleware/static.rb:62:in `call'
  railties (3.2.9) lib/rails/engine.rb:479:in `call'
  railties (3.2.9) lib/rails/application.rb:223:in `call'
  rack (1.4.1) lib/rack/content_length.rb:14:in `call'
  railties (3.2.9) lib/rails/rack/log_tailer.rb:17:in `call'
  rack (1.4.1) lib/rack/handler/webrick.rb:59:in `service'
  /home/programmer/.rvm/rubies/ruby-1.9.3-p286/lib/ruby/1.9.1/webrick/httpserver.rb:138:in `service'
  /home/programmer/.rvm/rubies/ruby-1.9.3-p286/lib/ruby/1.9.1/webrick/httpserver.rb:94:in `run'
  /home/programmer/.rvm/rubies/ruby-1.9.3-p286/lib/ruby/1.9.1/webrick/server.rb:191:in `block in start_thread'


  Rendered /home/programmer/.rvm/gems/ruby-1.9.3-p286/gems/actionpack-3.2.9/lib/action_dispatch/middleware/templates/rescues/routing_error.erb within rescues/layout (1.4ms)


Started GET "/root_path" for 127.0.0.1 at 2013-01-04 14:48:36 +0800

ActionController::RoutingError (No route matches [GET] "/root_path"):
  actionpack (3.2.9) lib/action_dispatch/middleware/debug_exceptions.rb:21:in `call'
  actionpack (3.2.9) lib/action_dispatch/middleware/show_exceptions.rb:56:in `call'
  railties (3.2.9) lib/rails/rack/logger.rb:32:in `call_app'
  railties (3.2.9) lib/rails/rack/logger.rb:16:in `block in call'
  activesupport (3.2.9) lib/active_support/tagged_logging.rb:22:in `tagged'
  railties (3.2.9) lib/rails/rack/logger.rb:16:in `call'
  actionpack (3.2.9) lib/action_dispatch/middleware/request_id.rb:22:in `call'
  rack (1.4.1) lib/rack/methodoverride.rb:21:in `call'
  rack (1.4.1) lib/rack/runtime.rb:17:in `call'
  activesupport (3.2.9) lib/active_support/cache/strategy/local_cache.rb:72:in `call'
  rack (1.4.1) lib/rack/lock.rb:15:in `call'
  actionpack (3.2.9) lib/action_dispatch/middleware/static.rb:62:in `call'
  railties (3.2.9) lib/rails/engine.rb:479:in `call'
  railties (3.2.9) lib/rails/application.rb:223:in `call'
  rack (1.4.1) lib/rack/content_length.rb:14:in `call'
  railties (3.2.9) lib/rails/rack/log_tailer.rb:17:in `call'
  rack (1.4.1) lib/rack/handler/webrick.rb:59:in `service'
  /home/programmer/.rvm/rubies/ruby-1.9.3-p286/lib/ruby/1.9.1/webrick/httpserver.rb:138:in `service'
  /home/programmer/.rvm/rubies/ruby-1.9.3-p286/lib/ruby/1.9.1/webrick/httpserver.rb:94:in `run'
  /home/programmer/.rvm/rubies/ruby-1.9.3-p286/lib/ruby/1.9.1/webrick/server.rb:191:in `block in start_thread'


  Rendered /home/programmer/.rvm/gems/ruby-1.9.3-p286/gems/actionpack-3.2.9/lib/action_dispatch/middleware/templates/rescues/routing_error.erb within rescues/layout (1.4ms)


Started GET "/root_path" for 127.0.0.1 at 2013-01-04 14:48:47 +0800

ActionController::RoutingError (No route matches [GET] "/root_path"):
  actionpack (3.2.9) lib/action_dispatch/middleware/debug_exceptions.rb:21:in `call'
  actionpack (3.2.9) lib/action_dispatch/middleware/show_exceptions.rb:56:in `call'
  railties (3.2.9) lib/rails/rack/logger.rb:32:in `call_app'
  railties (3.2.9) lib/rails/rack/logger.rb:16:in `block in call'
  activesupport (3.2.9) lib/active_support/tagged_logging.rb:22:in `tagged'
  railties (3.2.9) lib/rails/rack/logger.rb:16:in `call'
  actionpack (3.2.9) lib/action_dispatch/middleware/request_id.rb:22:in `call'
  rack (1.4.1) lib/rack/methodoverride.rb:21:in `call'
  rack (1.4.1) lib/rack/runtime.rb:17:in `call'
  activesupport (3.2.9) lib/active_support/cache/strategy/local_cache.rb:72:in `call'
  rack (1.4.1) lib/rack/lock.rb:15:in `call'
  actionpack (3.2.9) lib/action_dispatch/middleware/static.rb:62:in `call'
  railties (3.2.9) lib/rails/engine.rb:479:in `call'
  railties (3.2.9) lib/rails/application.rb:223:in `call'
  rack (1.4.1) lib/rack/content_length.rb:14:in `call'
  railties (3.2.9) lib/rails/rack/log_tailer.rb:17:in `call'
  rack (1.4.1) lib/rack/handler/webrick.rb:59:in `service'
  /home/programmer/.rvm/rubies/ruby-1.9.3-p286/lib/ruby/1.9.1/webrick/httpserver.rb:138:in `service'
  /home/programmer/.rvm/rubies/ruby-1.9.3-p286/lib/ruby/1.9.1/webrick/httpserver.rb:94:in `run'
  /home/programmer/.rvm/rubies/ruby-1.9.3-p286/lib/ruby/1.9.1/webrick/server.rb:191:in `block in start_thread'


  Rendered /home/programmer/.rvm/gems/ruby-1.9.3-p286/gems/actionpack-3.2.9/lib/action_dispatch/middleware/templates/rescues/routing_error.erb within rescues/layout (1.4ms)


Started GET "/" for 127.0.0.1 at 2013-01-04 14:49:12 +0800
Connecting to database specified by database.yml
Processing by StaticPagesController#home as HTML
  Rendered static_pages/home.html.erb within layouts/application (6.4ms)
  Rendered layouts/_shim.html.erb (0.8ms)
  Rendered layouts/_header.html.erb (2.6ms)
  Rendered layouts/_footer.html.erb (2.2ms)
Completed 200 OK in 235ms (Views: 233.7ms | ActiveRecord: 0.0ms)


Started GET "/assets/application.css?body=1" for 127.0.0.1 at 2013-01-04 14:49:13 +0800
Served asset /application.css - 304 Not Modified (72ms)


Started GET "/assets/custom.css?body=1" for 127.0.0.1 at 2013-01-04 14:49:14 +0800
Served asset /custom.css - 304 Not Modified (27ms)


Started GET "/assets/jquery.js?body=1" for 127.0.0.1 at 2013-01-04 14:49:14 +0800
Served asset /jquery.js - 304 Not Modified (6ms)


Started GET "/assets/static_pages.css?body=1" for 127.0.0.1 at 2013-01-04 14:49:14 +0800
Served asset /static_pages.css - 304 Not Modified (3ms)


Started GET "/assets/jquery_ujs.js?body=1" for 127.0.0.1 at 2013-01-04 14:49:14 +0800
Served asset /jquery_ujs.js - 304 Not Modified (4ms)


Started GET "/assets/static_pages.js?body=1" for 127.0.0.1 at 2013-01-04 14:49:14 +0800
Served asset /static_pages.js - 304 Not Modified (4ms)


Started GET "/assets/application.js?body=1" for 127.0.0.1 at 2013-01-04 14:49:14 +0800
Served asset /application.js - 304 Not Modified (12ms)


Started GET "/assets/rails.png" for 127.0.0.1 at 2013-01-04 14:49:14 +0800
Served asset /rails.png - 304 Not Modified (5ms)


Started GET "/" for 127.0.0.1 at 2013-01-04 14:49:17 +0800
Processing by StaticPagesController#home as HTML
  Rendered static_pages/home.html.erb within layouts/application (0.7ms)
  Rendered layouts/_shim.html.erb (0.1ms)
  Rendered layouts/_header.html.erb (1.4ms)
  Rendered layouts/_footer.html.erb (1.0ms)
Completed 200 OK in 86ms (Views: 85.5ms | ActiveRecord: 0.0ms)


Started GET "/assets/application.css?body=1" for 127.0.0.1 at 2013-01-04 14:49:17 +0800
Served asset /application.css - 304 Not Modified (46ms)


Started GET "/assets/jquery_ujs.js?body=1" for 127.0.0.1 at 2013-01-04 14:49:17 +0800
Served asset /jquery_ujs.js - 304 Not Modified (0ms)


Started GET "/assets/static_pages.css?body=1" for 127.0.0.1 at 2013-01-04 14:49:17 +0800
Served asset /static_pages.css - 304 Not Modified (0ms)


Started GET "/assets/custom.css?body=1" for 127.0.0.1 at 2013-01-04 14:49:17 +0800
Served asset /custom.css - 304 Not Modified (21ms)


Started GET "/assets/static_pages.js?body=1" for 127.0.0.1 at 2013-01-04 14:49:17 +0800
Served asset /static_pages.js - 304 Not Modified (1ms)


Started GET "/assets/jquery.js?body=1" for 127.0.0.1 at 2013-01-04 14:49:17 +0800
Served asset /jquery.js - 304 Not Modified (1ms)


Started GET "/assets/application.js?body=1" for 127.0.0.1 at 2013-01-04 14:49:17 +0800
Served asset /application.js - 304 Not Modified (7ms)


Started GET "/assets/rails.png" for 127.0.0.1 at 2013-01-04 14:49:17 +0800
Served asset /rails.png - 304 Not Modified (0ms)


Started GET "/about" for 127.0.0.1 at 2013-01-04 14:49:20 +0800
Processing by StaticPagesController#about as HTML
  Rendered static_pages/about.html.erb within layouts/application (0.9ms)
  Rendered layouts/_shim.html.erb (0.1ms)
  Rendered layouts/_header.html.erb (1.4ms)
  Rendered layouts/_footer.html.erb (0.9ms)
Completed 200 OK in 85ms (Views: 83.8ms | ActiveRecord: 0.0ms)


Started GET "/assets/application.css?body=1" for 127.0.0.1 at 2013-01-04 14:49:20 +0800
Served asset /application.css - 304 Not Modified (25ms)


Started GET "/assets/static_pages.css?body=1" for 127.0.0.1 at 2013-01-04 14:49:20 +0800
Served asset /static_pages.css - 304 Not Modified (17ms)


Started GET "/assets/jquery_ujs.js?body=1" for 127.0.0.1 at 2013-01-04 14:49:20 +0800
Served asset /jquery_ujs.js - 304 Not Modified (0ms)


Started GET "/assets/static_pages.js?body=1" for 127.0.0.1 at 2013-01-04 14:49:20 +0800
Served asset /static_pages.js - 304 Not Modified (0ms)


Started GET "/assets/custom.css?body=1" for 127.0.0.1 at 2013-01-04 14:49:20 +0800
Served asset /custom.css - 304 Not Modified (14ms)


Started GET "/assets/jquery.js?body=1" for 127.0.0.1 at 2013-01-04 14:49:20 +0800
Served asset /jquery.js - 304 Not Modified (1ms)


Started GET "/assets/application.js?body=1" for 127.0.0.1 at 2013-01-04 14:49:20 +0800
Served asset /application.js - 304 Not Modified (2ms)


Started GET "/contact" for 127.0.0.1 at 2013-01-04 14:49:23 +0800
Processing by StaticPagesController#contact as HTML
  Rendered static_pages/contact.html.erb within layouts/application (0.9ms)
  Rendered layouts/_shim.html.erb (0.1ms)
  Rendered layouts/_header.html.erb (1.4ms)
  Rendered layouts/_footer.html.erb (0.9ms)
Completed 200 OK in 40ms (Views: 39.3ms | ActiveRecord: 0.0ms)


Started GET "/assets/application.css?body=1" for 127.0.0.1 at 2013-01-04 14:49:23 +0800
Served asset /application.css - 304 Not Modified (113ms)


Started GET "/assets/custom.css?body=1" for 127.0.0.1 at 2013-01-04 14:49:23 +0800
Served asset /custom.css - 304 Not Modified (23ms)


Started GET "/assets/jquery_ujs.js?body=1" for 127.0.0.1 at 2013-01-04 14:49:23 +0800
Served asset /jquery_ujs.js - 304 Not Modified (0ms)


Started GET "/assets/static_pages.js?body=1" for 127.0.0.1 at 2013-01-04 14:49:23 +0800
Served asset /static_pages.js - 304 Not Modified (0ms)


Started GET "/assets/static_pages.css?body=1" for 127.0.0.1 at 2013-01-04 14:49:23 +0800
Served asset /static_pages.css - 304 Not Modified (0ms)


Started GET "/assets/jquery.js?body=1" for 127.0.0.1 at 2013-01-04 14:49:23 +0800
Served asset /jquery.js - 304 Not Modified (1ms)


Started GET "/assets/application.js?body=1" for 127.0.0.1 at 2013-01-04 14:49:23 +0800
Served asset /application.js - 304 Not Modified (2ms)


Started GET "/" for 127.0.0.1 at 2013-01-04 14:50:38 +0800
Processing by StaticPagesController#home as HTML
  Rendered static_pages/home.html.erb within layouts/application (0.7ms)
  Rendered layouts/_shim.html.erb (0.1ms)
  Rendered layouts/_header.html.erb (1.3ms)
  Rendered layouts/_footer.html.erb (1.0ms)
Completed 200 OK in 40ms (Views: 39.1ms | ActiveRecord: 0.0ms)


Started GET "/assets/application.css?body=1" for 127.0.0.1 at 2013-01-04 14:50:38 +0800
Served asset /application.css - 304 Not Modified (97ms)


Started GET "/assets/custom.css?body=1" for 127.0.0.1 at 2013-01-04 14:50:38 +0800
Served asset /custom.css - 304 Not Modified (38ms)


Started GET "/assets/static_pages.css?body=1" for 127.0.0.1 at 2013-01-04 14:50:38 +0800
Served asset /static_pages.css - 304 Not Modified (0ms)


Started GET "/assets/jquery.js?body=1" for 127.0.0.1 at 2013-01-04 14:50:38 +0800
Served asset /jquery.js - 304 Not Modified (1ms)


Started GET "/assets/jquery_ujs.js?body=1" for 127.0.0.1 at 2013-01-04 14:50:38 +0800
Served asset /jquery_ujs.js - 304 Not Modified (0ms)


Started GET "/assets/static_pages.js?body=1" for 127.0.0.1 at 2013-01-04 14:50:38 +0800
Served asset /static_pages.js - 304 Not Modified (1ms)


Started GET "/assets/application.js?body=1" for 127.0.0.1 at 2013-01-04 14:50:38 +0800
Served asset /application.js - 304 Not Modified (2ms)


Started GET "/assets/rails.png" for 127.0.0.1 at 2013-01-04 14:50:38 +0800
Served asset /rails.png - 304 Not Modified (0ms)


Started GET "/help" for 127.0.0.1 at 2013-01-04 14:52:54 +0800
Processing by StaticPagesController#help as HTML
  Rendered static_pages/help.html.erb within layouts/application (0.9ms)
  Rendered layouts/_shim.html.erb (0.1ms)
  Rendered layouts/_header.html.erb (1.4ms)
  Rendered layouts/_footer.html.erb (0.9ms)
Completed 200 OK in 39ms (Views: 38.4ms | ActiveRecord: 0.0ms)


Started GET "/assets/application.css?body=1" for 127.0.0.1 at 2013-01-04 14:52:54 +0800
Served asset /application.css - 304 Not Modified (15ms)


Started GET "/assets/custom.css?body=1" for 127.0.0.1 at 2013-01-04 14:52:54 +0800
Served asset /custom.css - 304 Not Modified (21ms)


Started GET "/assets/static_pages.css?body=1" for 127.0.0.1 at 2013-01-04 14:52:54 +0800
Served asset /static_pages.css - 304 Not Modified (0ms)


Started GET "/assets/jquery.js?body=1" for 127.0.0.1 at 2013-01-04 14:52:54 +0800
Served asset /jquery.js - 304 Not Modified (2ms)


Started GET "/assets/application.js?body=1" for 127.0.0.1 at 2013-01-04 14:52:54 +0800
Served asset /application.js - 304 Not Modified (2ms)


Started GET "/assets/jquery_ujs.js?body=1" for 127.0.0.1 at 2013-01-04 14:52:54 +0800
Served asset /jquery_ujs.js - 304 Not Modified (0ms)


Started GET "/assets/static_pages.js?body=1" for 127.0.0.1 at 2013-01-04 14:52:54 +0800
Served asset /static_pages.js - 304 Not Modified (0ms)


Started GET "/about" for 127.0.0.1 at 2013-01-04 14:53:32 +0800
Processing by StaticPagesController#about as HTML
  Rendered static_pages/about.html.erb within layouts/application (0.1ms)
  Rendered layouts/_shim.html.erb (0.1ms)
  Rendered layouts/_header.html.erb (1.2ms)
  Rendered layouts/_footer.html.erb (1.0ms)
Completed 200 OK in 41ms (Views: 40.8ms | ActiveRecord: 0.0ms)


Started GET "/assets/application.css?body=1" for 127.0.0.1 at 2013-01-04 14:53:33 +0800
Served asset /application.css - 304 Not Modified (44ms)


Started GET "/assets/custom.css?body=1" for 127.0.0.1 at 2013-01-04 14:53:33 +0800
Served asset /custom.css - 304 Not Modified (68ms)


Started GET "/assets/static_pages.css?body=1" for 127.0.0.1 at 2013-01-04 14:53:33 +0800
Served asset /static_pages.css - 304 Not Modified (0ms)


Started GET "/assets/static_pages.js?body=1" for 127.0.0.1 at 2013-01-04 14:53:33 +0800
Served asset /static_pages.js - 304 Not Modified (1ms)


Started GET "/assets/jquery.js?body=1" for 127.0.0.1 at 2013-01-04 14:53:33 +0800
Served asset /jquery.js - 304 Not Modified (1ms)


Started GET "/assets/jquery_ujs.js?body=1" for 127.0.0.1 at 2013-01-04 14:53:33 +0800
Served asset /jquery_ujs.js - 304 Not Modified (0ms)


Started GET "/assets/application.js?body=1" for 127.0.0.1 at 2013-01-04 14:53:33 +0800
Served asset /application.js - 304 Not Modified (6ms)
